C:\Program Files (x86)\Microsoft Visual Studio\2017\Community\Common7\IDE\VC\VCTargets\Microsoft.CppBuild.targets(391,5): warning MSB8028: The intermediate directory (x64\Debug\) contains files shared from another project (Project1.vcxproj).  This can lead to incorrect clean and rebuild behavior.
  Source.cpp
d:\matasstuff\university\year3\fyp\plugin_development\im-ar-windows\image-processing-ar\project1\source.cpp(34): warning C4244: 'return': conversion from '_Tp' to 'float', possible loss of data
          with
          [
              _Tp=double
          ]
d:\matasstuff\university\year3\fyp\plugin_development\im-ar-windows\image-processing-ar\project1\source.cpp(76): warning C4267: 'return': conversion from 'size_t' to 'int', possible loss of data
d:\matasstuff\university\year3\fyp\plugin_development\im-ar-windows\image-processing-ar\project1\source.cpp(98): warning C4267: 'return': conversion from 'size_t' to 'int', possible loss of data
d:\matasstuff\university\year3\fyp\plugin_development\im-ar-windows\image-processing-ar\project1\source.cpp(125): warning C4267: 'return': conversion from 'size_t' to 'int', possible loss of data
d:\matasstuff\university\year3\fyp\plugin_development\im-ar-windows\image-processing-ar\project1\source.cpp(147): warning C4267: 'return': conversion from 'size_t' to 'int', possible loss of data
d:\matasstuff\university\year3\fyp\plugin_development\im-ar-windows\image-processing-ar\project1\source.cpp(172): warning C4267: 'return': conversion from 'size_t' to 'int', possible loss of data
d:\matasstuff\university\year3\fyp\plugin_development\im-ar-windows\image-processing-ar\project1\source.cpp(597): warning C4244: 'argument': conversion from 'int' to '_Tp', possible loss of data
          with
          [
              _Tp=float
          ]
d:\matasstuff\university\year3\fyp\plugin_development\im-ar-windows\image-processing-ar\project1\source.cpp(642): warning C4244: 'argument': conversion from 'int' to '_Tp', possible loss of data
          with
          [
              _Tp=float
          ]
d:\matasstuff\university\year3\fyp\plugin_development\im-ar-windows\image-processing-ar\project1\source.cpp(759): warning C4305: 'initializing': truncation from 'double' to 'float'
d:\matasstuff\university\year3\fyp\plugin_development\im-ar-windows\image-processing-ar\project1\source.cpp(760): warning C4305: 'initializing': truncation from 'double' to 'float'
d:\matasstuff\university\year3\fyp\plugin_development\im-ar-windows\image-processing-ar\project1\source.cpp(761): warning C4305: 'initializing': truncation from 'double' to 'float'
d:\matasstuff\university\year3\fyp\plugin_development\im-ar-windows\image-processing-ar\project1\source.cpp(864): warning C4305: 'argument': truncation from 'double' to 'float'
     Creating library D:\MatasStuff\University\Year3\FYP\plugin_development\im-ar-windows\Image-processing-ar\x64\Debug\OpenCVUnity.lib and object D:\MatasStuff\University\Year3\FYP\plugin_development\im-ar-windows\Image-processing-ar\x64\Debug\OpenCVUnity.exp
  Project1.vcxproj -> D:\MatasStuff\University\Year3\FYP\plugin_development\im-ar-windows\Image-processing-ar\x64\Debug\OpenCVUnity.exe
